{"$message_type":"diagnostic","message":"mismatched types","code":{"code":"E0308","explanation":"Expected type did not match the received type.\n\nErroneous code examples:\n\n```compile_fail,E0308\nfn plus_one(x: i32) -> i32 {\n    x + 1\n}\n\nplus_one(\"Not a number\");\n//       ^^^^^^^^^^^^^^ expected `i32`, found `&str`\n\nif \"Not a bool\" {\n// ^^^^^^^^^^^^ expected `bool`, found `&str`\n}\n\nlet x: f32 = \"Not a float\";\n//     ---   ^^^^^^^^^^^^^ expected `f32`, found `&str`\n//     |\n//     expected due to this\n```\n\nThis error occurs when an expression was used in a place where the compiler\nexpected an expression of a different type. It can occur in several cases, the\nmost common being when calling a function and passing an argument which has a\ndifferent type than the matching type in the function declaration.\n"},"level":"error","spans":[{"file_name":"exercises/13_error_handling/errors1.rs","byte_start":883,"byte_end":912,"line_start":28,"line_end":28,"column_start":13,"column_end":41,"is_primary":true,"text":[{"text":"            Ok(\"Hi! My name is Beyoncé\"),","highlight_start":13,"highlight_end":41}],"label":"expected `Option<&str>`, found `Result<&str, _>`","suggested_replacement":null,"suggestion_applicability":null,"expansion":null}],"children":[{"message":"expected enum `Option<&str>`\n   found enum `Result<&str, _>`","code":null,"level":"note","spans":[],"children":[],"rendered":null}],"rendered":"\u001b[1m\u001b[91merror[E0308]\u001b[0m\u001b[1m: mismatched types\u001b[0m\n  \u001b[1m\u001b[94m--> \u001b[0mexercises/13_error_handling/errors1.rs:28:13\n   \u001b[1m\u001b[94m|\u001b[0m\n\u001b[1m\u001b[94m28\u001b[0m \u001b[1m\u001b[94m|\u001b[0m             Ok(\"Hi! My name is Beyoncé\"),\n   \u001b[1m\u001b[94m|\u001b[0m             \u001b[1m\u001b[91m^^^^^^^^^^^^^^^^^^^^^^^^^^^^\u001b[0m \u001b[1m\u001b[91mexpected `Option<&str>`, found `Result<&str, _>`\u001b[0m\n   \u001b[1m\u001b[94m|\u001b[0m\n   \u001b[1m\u001b[94m= \u001b[0m\u001b[1mnote\u001b[0m: expected enum `\u001b[1m\u001b[35mOption<&str>\u001b[0m`\n              found enum `\u001b[1m\u001b[35mResult<&str, _>\u001b[0m`\n\n"}
{"$message_type":"diagnostic","message":"no method named `map_err` found for enum `Option<T>` in the current scope","code":{"code":"E0599","explanation":"This error occurs when a method is used on a type which doesn't implement it:\n\nErroneous code example:\n\n```compile_fail,E0599\nstruct Mouth;\n\nlet x = Mouth;\nx.chocolate(); // error: no method named `chocolate` found for type `Mouth`\n               //        in the current scope\n```\n\nIn this case, you need to implement the `chocolate` method to fix the error:\n\n```\nstruct Mouth;\n\nimpl Mouth {\n    fn chocolate(&self) { // We implement the `chocolate` method here.\n        println!(\"Hmmm! I love chocolate!\");\n    }\n}\n\nlet x = Mouth;\nx.chocolate(); // ok!\n```\n"},"level":"error","spans":[{"file_name":"exercises/13_error_handling/errors1.rs","byte_start":1030,"byte_end":1110,"line_start":35,"line_end":37,"column_start":13,"column_end":18,"is_primary":false,"text":[{"text":"            generate_nametag_text(String::new())","highlight_start":13,"highlight_end":49},{"text":"                .as_ref()","highlight_start":1,"highlight_end":26},{"text":"                .map_err(|e| e.as_str()),","highlight_start":1,"highlight_end":18}],"label":"","suggested_replacement":null,"suggestion_applicability":null,"expansion":null},{"file_name":"exercises/13_error_handling/errors1.rs","byte_start":1110,"byte_end":1117,"line_start":37,"line_end":37,"column_start":18,"column_end":25,"is_primary":true,"text":[{"text":"                .map_err(|e| e.as_str()),","highlight_start":18,"highlight_end":25}],"label":null,"suggested_replacement":null,"suggestion_applicability":null,"expansion":null}],"children":[{"message":"there is a method `map_or` with a similar name, but with different arguments","code":null,"level":"help","spans":[{"file_name":"/home/sharan/.rustup/toolchains/stable-x86_64-unknown-linux-gnu/lib/rustlib/src/rust/library/core/src/option.rs","byte_start":46120,"byte_end":46267,"line_start":1223,"line_end":1226,"column_start":5,"column_end":29,"is_primary":true,"text":[{"text":"    pub const fn map_or<U, F>(self, default: U, f: F) -> U","highlight_start":5,"highlight_end":1},{"text":"    where","highlight_start":1,"highlight_end":1},{"text":"        F: [const] FnOnce(T) -> U + [const] Destruct,","highlight_start":1,"highlight_end":1},{"text":"        U: [const] Destruct,","highlight_start":1,"highlight_end":29}],"label":null,"suggested_replacement":null,"suggestion_applicability":null,"expansion":null}],"children":[],"rendered":null}],"rendered":"\u001b[1m\u001b[91merror[E0599]\u001b[0m\u001b[1m: no method named `map_err` found for enum `Option<T>` in the current scope\u001b[0m\n    \u001b[1m\u001b[94m--> \u001b[0mexercises/13_error_handling/errors1.rs:37:18\n     \u001b[1m\u001b[94m|\u001b[0m\n  \u001b[1m\u001b[94m35\u001b[0m \u001b[1m\u001b[94m|\u001b[0m \u001b[1m\u001b[94m/\u001b[0m             generate_nametag_text(String::new())\n  \u001b[1m\u001b[94m36\u001b[0m \u001b[1m\u001b[94m|\u001b[0m \u001b[1m\u001b[94m|\u001b[0m                 .as_ref()\n  \u001b[1m\u001b[94m37\u001b[0m \u001b[1m\u001b[94m|\u001b[0m \u001b[1m\u001b[94m|\u001b[0m                 .map_err(|e| e.as_str()),\n     \u001b[1m\u001b[94m|\u001b[0m \u001b[1m\u001b[94m|_________________-\u001b[0m\u001b[1m\u001b[91m^^^^^^^\u001b[0m\n     \u001b[1m\u001b[94m|\u001b[0m\n\u001b[1m\u001b[96mhelp\u001b[0m: there is a method `map_or` with a similar name, but with different arguments\n    \u001b[1m\u001b[94m--> \u001b[0m/home/sharan/.rustup/toolchains/stable-x86_64-unknown-linux-gnu/lib/rustlib/src/rust/library/core/src/option.rs:1223:5\n     \u001b[1m\u001b[94m|\u001b[0m\n\u001b[1m\u001b[94m1223\u001b[0m \u001b[1m\u001b[94m|\u001b[0m \u001b[1m\u001b[96m/\u001b[0m     pub const fn map_or<U, F>(self, default: U, f: F) -> U\n\u001b[1m\u001b[94m1224\u001b[0m \u001b[1m\u001b[94m|\u001b[0m \u001b[1m\u001b[96m|\u001b[0m     where\n\u001b[1m\u001b[94m1225\u001b[0m \u001b[1m\u001b[94m|\u001b[0m \u001b[1m\u001b[96m|\u001b[0m         F: [const] FnOnce(T) -> U + [const] Destruct,\n\u001b[1m\u001b[94m1226\u001b[0m \u001b[1m\u001b[94m|\u001b[0m \u001b[1m\u001b[96m|\u001b[0m         U: [const] Destruct,\n     \u001b[1m\u001b[94m|\u001b[0m \u001b[1m\u001b[96m|____________________________^\u001b[0m\n\n"}
{"$message_type":"diagnostic","message":"type annotations needed","code":{"code":"E0282","explanation":"The compiler could not infer a type and asked for a type annotation.\n\nErroneous code example:\n\n```compile_fail,E0282\nlet x = Vec::new();\n```\n\nThis error indicates that type inference did not result in one unique possible\ntype, and extra information is required. In most cases this can be provided\nby adding a type annotation. Sometimes you need to specify a generic type\nparameter manually.\n\nIn the example above, type `Vec` has a type parameter `T`. When calling\n`Vec::new`, barring any other later usage of the variable `x` that allows the\ncompiler to infer what type `T` is, the compiler needs to be told what it is.\n\nThe type can be specified on the variable:\n\n```\nlet x: Vec<i32> = Vec::new();\n```\n\nThe type can also be specified in the path of the expression:\n\n```\nlet x = Vec::<i32>::new();\n```\n\nIn cases with more complex types, it is not necessary to annotate the full\ntype. Once the ambiguity is resolved, the compiler can infer the rest:\n\n```\nlet x: Vec<_> = \"hello\".chars().rev().collect();\n```\n\nAnother way to provide the compiler with enough information, is to specify the\ngeneric type parameter:\n\n```\nlet x = \"hello\".chars().rev().collect::<Vec<char>>();\n```\n\nAgain, you need not specify the full type if the compiler can infer it:\n\n```\nlet x = \"hello\".chars().rev().collect::<Vec<_>>();\n```\n\nApart from a method or function with a generic type parameter, this error can\noccur when a type parameter of a struct or trait cannot be inferred. In that\ncase it is not always possible to use a type annotation, because all candidates\nhave the same return type. For instance:\n\n```compile_fail,E0282\nstruct Foo<T> {\n    num: T,\n}\n\nimpl<T> Foo<T> {\n    fn bar() -> i32 {\n        0\n    }\n\n    fn baz() {\n        let number = Foo::bar();\n    }\n}\n```\n\nThis will fail because the compiler does not know which instance of `Foo` to\ncall `bar` on. Change `Foo::bar()` to `Foo::<T>::bar()` to resolve the error.\n"},"level":"error","spans":[{"file_name":"exercises/13_error_handling/errors1.rs","byte_start":1122,"byte_end":1123,"line_start":37,"line_end":37,"column_start":30,"column_end":31,"is_primary":false,"text":[{"text":"                .map_err(|e| e.as_str()),","highlight_start":30,"highlight_end":31}],"label":"type must be known at this point","suggested_replacement":null,"suggestion_applicability":null,"expansion":null},{"file_name":"exercises/13_error_handling/errors1.rs","byte_start":1119,"byte_end":1120,"line_start":37,"line_end":37,"column_start":27,"column_end":28,"is_primary":true,"text":[{"text":"                .map_err(|e| e.as_str()),","highlight_start":27,"highlight_end":28}],"label":null,"suggested_replacement":null,"suggestion_applicability":null,"expansion":null}],"children":[{"message":"consider giving this closure parameter an explicit type","code":null,"level":"help","spans":[{"file_name":"exercises/13_error_handling/errors1.rs","byte_start":1120,"byte_end":1120,"line_start":37,"line_end":37,"column_start":28,"column_end":28,"is_primary":true,"text":[{"text":"                .map_err(|e| e.as_str()),","highlight_start":28,"highlight_end":28}],"label":null,"suggested_replacement":": /* Type */","suggestion_applicability":"HasPlaceholders","expansion":null}],"children":[],"rendered":null}],"rendered":"\u001b[1m\u001b[91merror[E0282]\u001b[0m\u001b[1m: type annotations needed\u001b[0m\n  \u001b[1m\u001b[94m--> \u001b[0mexercises/13_error_handling/errors1.rs:37:27\n   \u001b[1m\u001b[94m|\u001b[0m\n\u001b[1m\u001b[94m37\u001b[0m \u001b[1m\u001b[94m|\u001b[0m                 .map_err(|e| e.as_str()),\n   \u001b[1m\u001b[94m|\u001b[0m                           \u001b[1m\u001b[91m^\u001b[0m  \u001b[1m\u001b[94m-\u001b[0m \u001b[1m\u001b[94mtype must be known at this point\u001b[0m\n   \u001b[1m\u001b[94m|\u001b[0m\n\u001b[1m\u001b[96mhelp\u001b[0m: consider giving this closure parameter an explicit type\n   \u001b[1m\u001b[94m|\u001b[0m\n\u001b[1m\u001b[94m37\u001b[0m \u001b[1m\u001b[94m| \u001b[0m                .map_err(|e\u001b[92m: /* Type */\u001b[0m| e.as_str()),\n   \u001b[1m\u001b[94m|\u001b[0m                            \u001b[92m++++++++++++\u001b[0m\n\n"}
{"$message_type":"diagnostic","message":"aborting due to 3 previous errors","code":null,"level":"error","spans":[],"children":[],"rendered":"\u001b[1m\u001b[91merror\u001b[0m\u001b[1m: aborting due to 3 previous errors\u001b[0m\n\n"}
{"$message_type":"diagnostic","message":"Some errors have detailed explanations: E0282, E0308, E0599.","code":null,"level":"failure-note","spans":[],"children":[],"rendered":"\u001b[1mSome errors have detailed explanations: E0282, E0308, E0599.\u001b[0m\n"}
{"$message_type":"diagnostic","message":"For more information about an error, try `rustc --explain E0282`.","code":null,"level":"failure-note","spans":[],"children":[],"rendered":"\u001b[1mFor more information about an error, try `rustc --explain E0282`.\u001b[0m\n"}
